2023-02-23 14:41:50.223 [DEBU] {b095547cf36046174971562fb7101d12} [101 ms] [default] [blog] [rows:10 ] SHOW FULL COLUMNS FROM `blog_user`
2023-02-23 14:41:50.227 [DEBU] {b095547cf36046174971562fb7101d12} [  4 ms] [default] [blog] [rows:0  ] SELECT `user_id`,`user_name`,`password`,`phone_number`,`user_type`,`open_id`,`avatar`,`role`,`create_time`,`update_time` FROM `blog_user` WHERE phone_number = '16619827556' LIMIT 1
2023-02-23 14:41:50.228 [DEBU] {b095547cf36046174971562fb7101d12} [  1 ms] [default] [blog] [rows:1  ] INSERT INTO `blog_user`(`user_name`,`avatar`,`phone_number`,`password`,`user_id`) VALUES('HGQ','666','16619827556','huanggaoqing0119','416605579151147008') 
2023-02-23 14:43:03.015 [DEBU] {b0a0aa73046146175701b820923899e7} [ 20 ms] [default] [blog] [rows:10 ] SHOW FULL COLUMNS FROM `blog_user`
2023-02-23 14:43:03.017 [DEBU] {b0a0aa73046146175701b820923899e7} [  1 ms] [default] [blog] [rows:0  ] SELECT `user_id`,`user_name`,`password`,`phone_number`,`user_type`,`open_id`,`avatar`,`role`,`create_time`,`update_time` FROM `blog_user` WHERE phone_number = '16619827556' LIMIT 1
2023-02-23 14:43:03.022 [DEBU] {b0a0aa73046146175701b820923899e7} [  4 ms] [default] [blog] [rows:1  ] INSERT INTO `blog_user`(`user_name`,`avatar`,`phone_number`,`password`,`user_id`) VALUES('HGQ','666','16619827556','huanggaoqing0119','416605884458729472') 
2023-02-23 20:58:30.021 [DEBU] {a8e8156e81754617e4695f14418f3f0d} [ 21 ms] [default] [blog] [rows:10 ] SHOW FULL COLUMNS FROM `blog_user`
2023-02-23 20:58:30.029 [DEBU] {103f606f81754617e5695f14ccda37f2} [  8 ms] [default] [blog] [rows:1  ] SELECT `user_id`,`user_name`,`password`,`phone_number`,`user_type`,`open_id`,`avatar`,`role`,`create_time`,`update_time` FROM `blog_user` WHERE (`user_name`='HGQ') AND (`password`='huanggaoqing0119') LIMIT 1
2023-02-23 20:59:01.737 [DEBU] {18ab55d1887546176a6e8150bede79aa} [  7 ms] [default] [blog] [rows:10 ] SHOW FULL COLUMNS FROM `blog_user`
2023-02-23 20:59:01.739 [DEBU] {1887d8d1887546176b6e81504119c3c3} [  1 ms] [default] [blog] [rows:1  ] SELECT `user_id`,`user_name`,`password`,`phone_number`,`user_type`,`open_id`,`avatar`,`role`,`create_time`,`update_time` FROM `blog_user` WHERE (`user_name`='HGQ') AND (`password`='huanggaoqing0119') LIMIT 1
2023-02-23 23:33:43.132 [DEBU] {60ed38ccf97d4617435e2a0ab5a582b5} [ 64 ms] [default] [blog] [rows:10 ] SHOW FULL COLUMNS FROM `blog_user`
2023-02-23 23:33:43.137 [DEBU] {90f632d0f97d4617445e2a0a1bc8f304} [  2 ms] [default] [blog] [rows:1  ] SELECT `user_id`,`user_name`,`password`,`phone_number`,`user_type`,`open_id`,`avatar`,`role`,`create_time`,`update_time` FROM `blog_user` WHERE (`user_name`='HGQ') AND (`password`='huanggaoqing0119') LIMIT 1
2023-02-23 23:33:43.143 [DEBU] {d8e85cd0f97d4617455e2a0a8ae3870b} [  5 ms] [default] [blog] [rows:1  ] SELECT `user_id`,`user_name`,`password`,`phone_number`,`user_type`,`open_id`,`avatar`,`role`,`create_time`,`update_time` FROM `blog_user` WHERE `user_id`='416605884458729472' LIMIT 1
2023-02-23 23:34:22.746 [DEBU] {382e9a07037e4617c41d7427267db47e} [ 27 ms] [default] [blog] [rows:10 ] SHOW FULL COLUMNS FROM `blog_user`
2023-02-23 23:34:22.749 [DEBU] {10c74509037e4617c51d742740f20d5c} [  2 ms] [default] [blog] [rows:1  ] SELECT `user_id`,`user_name`,`password`,`phone_number`,`user_type`,`open_id`,`avatar`,`role`,`create_time`,`update_time` FROM `blog_user` WHERE (`user_name`='HGQ') AND (`password`='huanggaoqing0119') LIMIT 1
2023-02-23 23:34:22.754 [DEBU] {006d8c09037e4617c61d742728593050} [  2 ms] [default] [blog] [rows:1  ] SELECT `user_id`,`user_name`,`password`,`phone_number`,`user_type`,`open_id`,`avatar`,`role`,`create_time`,`update_time` FROM `blog_user` WHERE `user_id`='416605884458729472' LIMIT 1
2023-02-23 23:36:33.101 [DEBU] {78c3b561217e4617de4afd7f361fd571} [ 21 ms] [default] [blog] [rows:10 ] SHOW FULL COLUMNS FROM `blog_user`
2023-02-23 23:36:33.103 [DEBU] {78cb0163217e4617df4afd7f80f61df5} [  1 ms] [default] [blog] [rows:1  ] SELECT `user_id`,`user_name`,`password`,`phone_number`,`user_type`,`open_id`,`avatar`,`role`,`create_time`,`update_time` FROM `blog_user` WHERE (`user_name`='HGQ') AND (`password`='huanggaoqing0119') LIMIT 1
2023-02-23 23:36:33.105 [DEBU] {d08b2563217e4617e04afd7f35819f1f} [  1 ms] [default] [blog] [rows:1  ] SELECT `user_id`,`user_name`,`password`,`phone_number`,`user_type`,`open_id`,`avatar`,`role`,`create_time`,`update_time` FROM `blog_user` WHERE `user_id`='416605884458729472' LIMIT 1
2023-02-23 23:37:29.122 [DEBU] {28351c6d2e7e4617bf8ec568da139430} [ 16 ms] [default] [blog] [rows:10 ] SHOW FULL COLUMNS FROM `blog_user`
2023-02-23 23:37:29.123 [DEBU] {a015186e2e7e4617c08ec568167148ac} [  1 ms] [default] [blog] [rows:1  ] SELECT `user_id`,`user_name`,`password`,`phone_number`,`user_type`,`open_id`,`avatar`,`role`,`create_time`,`update_time` FROM `blog_user` WHERE (`user_name`='HGQ') AND (`password`='huanggaoqing0119') LIMIT 1
2023-02-23 23:37:29.124 [DEBU] {e85b346e2e7e4617c18ec5685a4816f7} [  0 ms] [default] [blog] [rows:1  ] SELECT `user_id`,`user_name`,`password`,`phone_number`,`user_type`,`open_id`,`avatar`,`role`,`create_time`,`update_time` FROM `blog_user` WHERE `user_id`='416605884458729472' LIMIT 1
2023-02-23 23:38:28.614 [DEBU] {90d8dd463c7e4617de86017f6dd75964} [ 20 ms] [default] [blog] [rows:10 ] SHOW FULL COLUMNS FROM `blog_user`
2023-02-23 23:38:28.621 [DEBU] {302a4a483c7e4617df86017f63cb2c6b} [  3 ms] [default] [blog] [rows:1  ] SELECT `user_id`,`user_name`,`password`,`phone_number`,`user_type`,`open_id`,`avatar`,`role`,`create_time`,`update_time` FROM `blog_user` WHERE (`user_name`='HGQ') AND (`password`='huanggaoqing0119') LIMIT 1
2023-02-23 23:38:28.625 [DEBU] {1025a6483c7e4617e086017fbb190def} [  1 ms] [default] [blog] [rows:1  ] SELECT `user_id`,`user_name`,`password`,`phone_number`,`user_type`,`open_id`,`avatar`,`role`,`create_time`,`update_time` FROM `blog_user` WHERE `user_id`='416605884458729472' LIMIT 1
2023-02-23 23:55:13.744 [DEBU] {5888834d267f4617cfa2b16bac16795e} [ 16 ms] [default] [blog] [rows:10 ] SHOW FULL COLUMNS FROM `blog_user`
2023-02-23 23:55:13.752 [DEBU] {d0b1db4e267f4617d0a2b16ba6b4f9bb} [  2 ms] [default] [blog] [rows:1  ] SELECT `user_id`,`user_name`,`password`,`phone_number`,`user_type`,`open_id`,`avatar`,`role`,`create_time`,`update_time` FROM `blog_user` WHERE (`user_name`='HGQ') AND (`password`='huanggaoqing0119') LIMIT 1
2023-02-23 23:55:13.753 [DEBU] {d807054f267f4617d1a2b16b3626a50d} [  0 ms] [default] [blog] [rows:1  ] SELECT `user_id`,`user_name`,`password`,`phone_number`,`user_type`,`open_id`,`avatar`,`role`,`create_time`,`update_time` FROM `blog_user` WHERE `user_id`='416605884458729472' LIMIT 1
