2023-02-26 00:14:16.526 [INFO] {00796a83f21a4717e13a401cfbd8259e} [GToken][params:{"AuthExcludePaths":"","AuthFailMsg":"请求错误或登录超时","AuthPaths":"","CacheKey":"GToken:","CacheMode":2,"EncryptKey":"12345678912345678912345678912345","LoginPath":"/user/login","LogoutPath":"/user/logout","MiddlewareType":1,"MultiLogin":false,"Timeout":864000000,"TokenDelimiter":"_"}]start... 
2023-02-26 00:14:20.071 [INFO] {00796a83f21a4717e13a401cfbd8259e} [GToken][params:{"AuthExcludePaths":"","AuthFailMsg":"请求错误或登录超时","AuthPaths":"","CacheKey":"GToken:","CacheMode":2,"EncryptKey":"12345678912345678912345678912345","LoginPath":"/user/login","LogoutPath":"/user/logout","MiddlewareType":1,"MultiLogin":false,"Timeout":864000000,"TokenDelimiter":"_"}]start... 
2023-02-26 00:14:20.861 [ERRO] {8069c7825a1d4717f7d1e0059fa1f295} reflect: call of reflect.Value.NumField on int Value
Stack:
1.  gf_blog/internal/logic/article.(*sArticle).GetTagDataByArticleId
    /Users/hgq/workspace/go/gf_blog/internal/logic/article/article.go:96
2.  gf_blog/internal/logic/article.(*sArticle).GetDetail
    /Users/hgq/workspace/go/gf_blog/internal/logic/article/article.go:72
3.  gf_blog/internal/controller.(*cArticle).GetDetail
    /Users/hgq/workspace/go/gf_blog/internal/controller/article.go:32
4.  github.com/gogf/gf/v2/net/ghttp.(*middleware).callHandlerFunc.func1
    /Users/hgq/workspace/golang/pkg/mod/github.com/gogf/gf/v2@v2.3.2/net/ghttp/ghttp_request_middleware.go:152
5.  github.com/gogf/gf/v2/net/ghttp.niceCallFunc
    /Users/hgq/workspace/golang/pkg/mod/github.com/gogf/gf/v2@v2.3.2/net/ghttp/ghttp_func.go:55
6.  github.com/gogf/gf/v2/net/ghttp.(*middleware).callHandlerFunc
    /Users/hgq/workspace/golang/pkg/mod/github.com/gogf/gf/v2@v2.3.2/net/ghttp/ghttp_request_middleware.go:129
7.  github.com/gogf/gf/v2/net/ghttp.(*middleware).Next.func1.4
    /Users/hgq/workspace/golang/pkg/mod/github.com/gogf/gf/v2@v2.3.2/net/ghttp/ghttp_request_middleware.go:90
8.  github.com/gogf/gf/v2/net/ghttp.niceCallFunc
    /Users/hgq/workspace/golang/pkg/mod/github.com/gogf/gf/v2@v2.3.2/net/ghttp/ghttp_func.go:55
9.  github.com/gogf/gf/v2/net/ghttp.(*middleware).Next.func1
    /Users/hgq/workspace/golang/pkg/mod/github.com/gogf/gf/v2@v2.3.2/net/ghttp/ghttp_request_middleware.go:89
10. github.com/gogf/gf/v2/util/gutil.TryCatch
    /Users/hgq/workspace/golang/pkg/mod/github.com/gogf/gf/v2@v2.3.2/util/gutil/gutil.go:56
11. github.com/gogf/gf/v2/net/ghttp.(*middleware).Next
    /Users/hgq/workspace/golang/pkg/mod/github.com/gogf/gf/v2@v2.3.2/net/ghttp/ghttp_request_middleware.go:49
12. github.com/gogf/gf/v2/net/ghttp.MiddlewareHandlerResponse
    /Users/hgq/workspace/golang/pkg/mod/github.com/gogf/gf/v2@v2.3.2/net/ghttp/ghttp_middleware_handler_response.go:25
13. github.com/gogf/gf/v2/net/ghttp.(*middleware).Next.func1.1
    /Users/hgq/workspace/golang/pkg/mod/github.com/gogf/gf/v2@v2.3.2/net/ghttp/ghttp_request_middleware.go:55
14. github.com/gogf/gf/v2/net/ghttp.niceCallFunc
    /Users/hgq/workspace/golang/pkg/mod/github.com/gogf/gf/v2@v2.3.2/net/ghttp/ghttp_func.go:55
15. github.com/gogf/gf/v2/net/ghttp.(*middleware).Next.func1
    /Users/hgq/workspace/golang/pkg/mod/github.com/gogf/gf/v2@v2.3.2/net/ghttp/ghttp_request_middleware.go:54
16. github.com/gogf/gf/v2/util/gutil.TryCatch
    /Users/hgq/workspace/golang/pkg/mod/github.com/gogf/gf/v2@v2.3.2/util/gutil/gutil.go:56
17. github.com/gogf/gf/v2/net/ghttp.(*middleware).Next
    /Users/hgq/workspace/golang/pkg/mod/github.com/gogf/gf/v2@v2.3.2/net/ghttp/ghttp_request_middleware.go:49
18. github.com/gogf/gf/v2/net/ghttp.internalMiddlewareServerTracing
    /Users/hgq/workspace/golang/pkg/mod/github.com/gogf/gf/v2@v2.3.2/net/ghttp/ghttp_middleware_tracing.go:78
19. github.com/gogf/gf/v2/net/ghttp.(*middleware).Next.func1.5
    /Users/hgq/workspace/golang/pkg/mod/github.com/gogf/gf/v2@v2.3.2/net/ghttp/ghttp_request_middleware.go:96
20. github.com/gogf/gf/v2/net/ghttp.niceCallFunc
    /Users/hgq/workspace/golang/pkg/mod/github.com/gogf/gf/v2@v2.3.2/net/ghttp/ghttp_func.go:55
21. github.com/gogf/gf/v2/net/ghttp.(*middleware).Next.func1
    /Users/hgq/workspace/golang/pkg/mod/github.com/gogf/gf/v2@v2.3.2/net/ghttp/ghttp_request_middleware.go:95
22. github.com/gogf/gf/v2/util/gutil.TryCatch
    /Users/hgq/workspace/golang/pkg/mod/github.com/gogf/gf/v2@v2.3.2/util/gutil/gutil.go:56
23. github.com/gogf/gf/v2/net/ghttp.(*middleware).Next
    /Users/hgq/workspace/golang/pkg/mod/github.com/gogf/gf/v2@v2.3.2/net/ghttp/ghttp_request_middleware.go:49
24. github.com/gogf/gf/v2/net/ghttp.(*Server).ServeHTTP
    /Users/hgq/workspace/golang/pkg/mod/github.com/gogf/gf/v2@v2.3.2/net/ghttp/ghttp_server_handler.go:132

2023-02-26 00:14:24.063 [INFO] {00796a83f21a4717e13a401cfbd8259e} [GToken][params:{"AuthExcludePaths":"","AuthFailMsg":"请求错误或登录超时","AuthPaths":"","CacheKey":"GToken:","CacheMode":2,"EncryptKey":"12345678912345678912345678912345","LoginPath":"/user/login","LogoutPath":"/user/logout","MiddlewareType":1,"MultiLogin":false,"Timeout":864000000,"TokenDelimiter":"_"}]start... 
2023-02-26 00:14:26.636 [INFO] {00796a83f21a4717e13a401cfbd8259e} [GToken][params:{"AuthExcludePaths":"","AuthFailMsg":"请求错误或登录超时","AuthPaths":"","CacheKey":"GToken:","CacheMode":2,"EncryptKey":"12345678912345678912345678912345","LoginPath":"/user/login","LogoutPath":"/user/logout","MiddlewareType":1,"MultiLogin":false,"Timeout":864000000,"TokenDelimiter":"_"}]start... 
2023-02-26 00:14:40.923 [ERRO] {6857df305f1d4717c1d0455e60e50517} reflect: call of reflect.Value.NumField on int Value
Stack:
1.  gf_blog/internal/logic/article.(*sArticle).GetTagDataByArticleId
    /Users/hgq/workspace/go/gf_blog/internal/logic/article/article.go:96
2.  gf_blog/internal/logic/article.(*sArticle).GetDetail
    /Users/hgq/workspace/go/gf_blog/internal/logic/article/article.go:72
3.  gf_blog/internal/controller.(*cArticle).GetDetail
    /Users/hgq/workspace/go/gf_blog/internal/controller/article.go:32
4.  github.com/gogf/gf/v2/net/ghttp.(*middleware).callHandlerFunc.func1
    /Users/hgq/workspace/golang/pkg/mod/github.com/gogf/gf/v2@v2.3.2/net/ghttp/ghttp_request_middleware.go:152
5.  github.com/gogf/gf/v2/net/ghttp.niceCallFunc
    /Users/hgq/workspace/golang/pkg/mod/github.com/gogf/gf/v2@v2.3.2/net/ghttp/ghttp_func.go:55
6.  github.com/gogf/gf/v2/net/ghttp.(*middleware).callHandlerFunc
    /Users/hgq/workspace/golang/pkg/mod/github.com/gogf/gf/v2@v2.3.2/net/ghttp/ghttp_request_middleware.go:129
7.  github.com/gogf/gf/v2/net/ghttp.(*middleware).Next.func1.4
    /Users/hgq/workspace/golang/pkg/mod/github.com/gogf/gf/v2@v2.3.2/net/ghttp/ghttp_request_middleware.go:90
8.  github.com/gogf/gf/v2/net/ghttp.niceCallFunc
    /Users/hgq/workspace/golang/pkg/mod/github.com/gogf/gf/v2@v2.3.2/net/ghttp/ghttp_func.go:55
9.  github.com/gogf/gf/v2/net/ghttp.(*middleware).Next.func1
    /Users/hgq/workspace/golang/pkg/mod/github.com/gogf/gf/v2@v2.3.2/net/ghttp/ghttp_request_middleware.go:89
10. github.com/gogf/gf/v2/util/gutil.TryCatch
    /Users/hgq/workspace/golang/pkg/mod/github.com/gogf/gf/v2@v2.3.2/util/gutil/gutil.go:56
11. github.com/gogf/gf/v2/net/ghttp.(*middleware).Next
    /Users/hgq/workspace/golang/pkg/mod/github.com/gogf/gf/v2@v2.3.2/net/ghttp/ghttp_request_middleware.go:49
12. github.com/gogf/gf/v2/net/ghttp.MiddlewareHandlerResponse
    /Users/hgq/workspace/golang/pkg/mod/github.com/gogf/gf/v2@v2.3.2/net/ghttp/ghttp_middleware_handler_response.go:25
13. github.com/gogf/gf/v2/net/ghttp.(*middleware).Next.func1.1
    /Users/hgq/workspace/golang/pkg/mod/github.com/gogf/gf/v2@v2.3.2/net/ghttp/ghttp_request_middleware.go:55
14. github.com/gogf/gf/v2/net/ghttp.niceCallFunc
    /Users/hgq/workspace/golang/pkg/mod/github.com/gogf/gf/v2@v2.3.2/net/ghttp/ghttp_func.go:55
15. github.com/gogf/gf/v2/net/ghttp.(*middleware).Next.func1
    /Users/hgq/workspace/golang/pkg/mod/github.com/gogf/gf/v2@v2.3.2/net/ghttp/ghttp_request_middleware.go:54
16. github.com/gogf/gf/v2/util/gutil.TryCatch
    /Users/hgq/workspace/golang/pkg/mod/github.com/gogf/gf/v2@v2.3.2/util/gutil/gutil.go:56
17. github.com/gogf/gf/v2/net/ghttp.(*middleware).Next
    /Users/hgq/workspace/golang/pkg/mod/github.com/gogf/gf/v2@v2.3.2/net/ghttp/ghttp_request_middleware.go:49
18. github.com/gogf/gf/v2/net/ghttp.internalMiddlewareServerTracing
    /Users/hgq/workspace/golang/pkg/mod/github.com/gogf/gf/v2@v2.3.2/net/ghttp/ghttp_middleware_tracing.go:78
19. github.com/gogf/gf/v2/net/ghttp.(*middleware).Next.func1.5
    /Users/hgq/workspace/golang/pkg/mod/github.com/gogf/gf/v2@v2.3.2/net/ghttp/ghttp_request_middleware.go:96
20. github.com/gogf/gf/v2/net/ghttp.niceCallFunc
    /Users/hgq/workspace/golang/pkg/mod/github.com/gogf/gf/v2@v2.3.2/net/ghttp/ghttp_func.go:55
21. github.com/gogf/gf/v2/net/ghttp.(*middleware).Next.func1
    /Users/hgq/workspace/golang/pkg/mod/github.com/gogf/gf/v2@v2.3.2/net/ghttp/ghttp_request_middleware.go:95
22. github.com/gogf/gf/v2/util/gutil.TryCatch
    /Users/hgq/workspace/golang/pkg/mod/github.com/gogf/gf/v2@v2.3.2/util/gutil/gutil.go:56
23. github.com/gogf/gf/v2/net/ghttp.(*middleware).Next
    /Users/hgq/workspace/golang/pkg/mod/github.com/gogf/gf/v2@v2.3.2/net/ghttp/ghttp_request_middleware.go:49
24. github.com/gogf/gf/v2/net/ghttp.(*Server).ServeHTTP
    /Users/hgq/workspace/golang/pkg/mod/github.com/gogf/gf/v2@v2.3.2/net/ghttp/ghttp_server_handler.go:132

2023-02-26 00:14:44.407 [INFO] {00796a83f21a4717e13a401cfbd8259e} [GToken][params:{"AuthExcludePaths":"","AuthFailMsg":"请求错误或登录超时","AuthPaths":"","CacheKey":"GToken:","CacheMode":2,"EncryptKey":"12345678912345678912345678912345","LoginPath":"/user/login","LogoutPath":"/user/logout","MiddlewareType":1,"MultiLogin":false,"Timeout":864000000,"TokenDelimiter":"_"}]start... 
2023-02-26 00:14:54.010 [INFO] {00796a83f21a4717e13a401cfbd8259e} [GToken][params:{"AuthExcludePaths":"","AuthFailMsg":"请求错误或登录超时","AuthPaths":"","CacheKey":"GToken:","CacheMode":2,"EncryptKey":"12345678912345678912345678912345","LoginPath":"/user/login","LogoutPath":"/user/logout","MiddlewareType":1,"MultiLogin":false,"Timeout":864000000,"TokenDelimiter":"_"}]start... 
2023-02-26 00:15:09.674 [INFO] {00796a83f21a4717e13a401cfbd8259e} [GToken][params:{"AuthExcludePaths":"","AuthFailMsg":"请求错误或登录超时","AuthPaths":"","CacheKey":"GToken:","CacheMode":2,"EncryptKey":"12345678912345678912345678912345","LoginPath":"/user/login","LogoutPath":"/user/logout","MiddlewareType":1,"MultiLogin":false,"Timeout":864000000,"TokenDelimiter":"_"}]start... 
2023-02-26 00:15:13.711 [INFO] {00796a83f21a4717e13a401cfbd8259e} [GToken][params:{"AuthExcludePaths":"","AuthFailMsg":"请求错误或登录超时","AuthPaths":"","CacheKey":"GToken:","CacheMode":2,"EncryptKey":"12345678912345678912345678912345","LoginPath":"/user/login","LogoutPath":"/user/logout","MiddlewareType":1,"MultiLogin":false,"Timeout":864000000,"TokenDelimiter":"_"}]start... 
2023-02-26 00:15:17.093 [INFO] {00796a83f21a4717e13a401cfbd8259e} [GToken][params:{"AuthExcludePaths":"","AuthFailMsg":"请求错误或登录超时","AuthPaths":"","CacheKey":"GToken:","CacheMode":2,"EncryptKey":"12345678912345678912345678912345","LoginPath":"/user/login","LogoutPath":"/user/logout","MiddlewareType":1,"MultiLogin":false,"Timeout":864000000,"TokenDelimiter":"_"}]start... 
2023-02-26 00:15:24.400 [INFO] {00796a83f21a4717e13a401cfbd8259e} [GToken][params:{"AuthExcludePaths":"","AuthFailMsg":"请求错误或登录超时","AuthPaths":"","CacheKey":"GToken:","CacheMode":2,"EncryptKey":"12345678912345678912345678912345","LoginPath":"/user/login","LogoutPath":"/user/logout","MiddlewareType":1,"MultiLogin":false,"Timeout":864000000,"TokenDelimiter":"_"}]start... 
2023-02-26 00:16:22.180 [INFO] {00796a83f21a4717e13a401cfbd8259e} [GToken][params:{"AuthExcludePaths":"","AuthFailMsg":"请求错误或登录超时","AuthPaths":"","CacheKey":"GToken:","CacheMode":2,"EncryptKey":"12345678912345678912345678912345","LoginPath":"/user/login","LogoutPath":"/user/logout","MiddlewareType":1,"MultiLogin":false,"Timeout":864000000,"TokenDelimiter":"_"}]start... 
2023-02-26 00:17:46.917 [INFO] {00796a83f21a4717e13a401cfbd8259e} [GToken][params:{"AuthExcludePaths":"","AuthFailMsg":"请求错误或登录超时","AuthPaths":"","CacheKey":"GToken:","CacheMode":2,"EncryptKey":"12345678912345678912345678912345","LoginPath":"/user/login","LogoutPath":"/user/logout","MiddlewareType":1,"MultiLogin":false,"Timeout":864000000,"TokenDelimiter":"_"}]start... 
2023-02-26 00:19:45.857 [INFO] {00796a83f21a4717e13a401cfbd8259e} [GToken][params:{"AuthExcludePaths":"","AuthFailMsg":"请求错误或登录超时","AuthPaths":"","CacheKey":"GToken:","CacheMode":2,"EncryptKey":"12345678912345678912345678912345","LoginPath":"/user/login","LogoutPath":"/user/logout","MiddlewareType":1,"MultiLogin":false,"Timeout":864000000,"TokenDelimiter":"_"}]start... 
2023-02-26 00:22:34.671 [INFO] {00796a83f21a4717e13a401cfbd8259e} [GToken][params:{"AuthExcludePaths":"","AuthFailMsg":"请求错误或登录超时","AuthPaths":"","CacheKey":"GToken:","CacheMode":2,"EncryptKey":"12345678912345678912345678912345","LoginPath":"/user/login","LogoutPath":"/user/logout","MiddlewareType":1,"MultiLogin":false,"Timeout":864000000,"TokenDelimiter":"_"}]start... 
2023-02-26 00:22:44.937 [INFO] {00796a83f21a4717e13a401cfbd8259e} [GToken][params:{"AuthExcludePaths":"","AuthFailMsg":"请求错误或登录超时","AuthPaths":"","CacheKey":"GToken:","CacheMode":2,"EncryptKey":"12345678912345678912345678912345","LoginPath":"/user/login","LogoutPath":"/user/logout","MiddlewareType":1,"MultiLogin":false,"Timeout":864000000,"TokenDelimiter":"_"}]start... 
2023-02-26 00:22:52.480 [INFO] {00796a83f21a4717e13a401cfbd8259e} [GToken][params:{"AuthExcludePaths":"","AuthFailMsg":"请求错误或登录超时","AuthPaths":"","CacheKey":"GToken:","CacheMode":2,"EncryptKey":"12345678912345678912345678912345","LoginPath":"/user/login","LogoutPath":"/user/logout","MiddlewareType":1,"MultiLogin":false,"Timeout":864000000,"TokenDelimiter":"_"}]start... 
2023-02-26 00:24:28.065 [INFO] {00796a83f21a4717e13a401cfbd8259e} [GToken][params:{"AuthExcludePaths":"","AuthFailMsg":"请求错误或登录超时","AuthPaths":"","CacheKey":"GToken:","CacheMode":2,"EncryptKey":"12345678912345678912345678912345","LoginPath":"/user/login","LogoutPath":"/user/logout","MiddlewareType":1,"MultiLogin":false,"Timeout":864000000,"TokenDelimiter":"_"}]start... 
2023-02-26 00:24:50.749 [INFO] {00796a83f21a4717e13a401cfbd8259e} [GToken][params:{"AuthExcludePaths":"","AuthFailMsg":"请求错误或登录超时","AuthPaths":"","CacheKey":"GToken:","CacheMode":2,"EncryptKey":"12345678912345678912345678912345","LoginPath":"/user/login","LogoutPath":"/user/logout","MiddlewareType":1,"MultiLogin":false,"Timeout":864000000,"TokenDelimiter":"_"}]start... 
2023-02-26 00:26:27.812 [INFO] {00796a83f21a4717e13a401cfbd8259e} [GToken][params:{"AuthExcludePaths":"","AuthFailMsg":"请求错误或登录超时","AuthPaths":"","CacheKey":"GToken:","CacheMode":2,"EncryptKey":"12345678912345678912345678912345","LoginPath":"/user/login","LogoutPath":"/user/logout","MiddlewareType":1,"MultiLogin":false,"Timeout":864000000,"TokenDelimiter":"_"}]start... 
2023-02-26 00:53:55.948 [INFO] {00796a83f21a4717e13a401cfbd8259e} [GToken][params:{"AuthExcludePaths":"","AuthFailMsg":"请求错误或登录超时","AuthPaths":"","CacheKey":"GToken:","CacheMode":2,"EncryptKey":"12345678912345678912345678912345","LoginPath":"/user/login","LogoutPath":"/user/logout","MiddlewareType":1,"MultiLogin":false,"Timeout":864000000,"TokenDelimiter":"_"}]start... 
2023-02-26 00:55:04.716 [INFO] {00796a83f21a4717e13a401cfbd8259e} [GToken][params:{"AuthExcludePaths":"","AuthFailMsg":"请求错误或登录超时","AuthPaths":"","CacheKey":"GToken:","CacheMode":2,"EncryptKey":"12345678912345678912345678912345","LoginPath":"/user/login","LogoutPath":"/user/logout","MiddlewareType":1,"MultiLogin":false,"Timeout":864000000,"TokenDelimiter":"_"}]start... 
2023-02-26 00:55:07.446 [INFO] {00796a83f21a4717e13a401cfbd8259e} [GToken][params:{"AuthExcludePaths":"","AuthFailMsg":"请求错误或登录超时","AuthPaths":"","CacheKey":"GToken:","CacheMode":2,"EncryptKey":"12345678912345678912345678912345","LoginPath":"/user/login","LogoutPath":"/user/logout","MiddlewareType":1,"MultiLogin":false,"Timeout":864000000,"TokenDelimiter":"_"}]start... 
2023-02-26 00:55:11.506 [INFO] {00796a83f21a4717e13a401cfbd8259e} [GToken][params:{"AuthExcludePaths":"","AuthFailMsg":"请求错误或登录超时","AuthPaths":"","CacheKey":"GToken:","CacheMode":2,"EncryptKey":"12345678912345678912345678912345","LoginPath":"/user/login","LogoutPath":"/user/logout","MiddlewareType":1,"MultiLogin":false,"Timeout":864000000,"TokenDelimiter":"_"}]start... 
2023-02-26 00:56:30.019 [INFO] {00796a83f21a4717e13a401cfbd8259e} [GToken][params:{"AuthExcludePaths":"","AuthFailMsg":"请求错误或登录超时","AuthPaths":"","CacheKey":"GToken:","CacheMode":2,"EncryptKey":"12345678912345678912345678912345","LoginPath":"/user/login","LogoutPath":"/user/logout","MiddlewareType":1,"MultiLogin":false,"Timeout":864000000,"TokenDelimiter":"_"}]start... 
2023-02-26 00:57:14.865 [INFO] {00796a83f21a4717e13a401cfbd8259e} [GToken][params:{"AuthExcludePaths":"","AuthFailMsg":"请求错误或登录超时","AuthPaths":"","CacheKey":"GToken:","CacheMode":2,"EncryptKey":"12345678912345678912345678912345","LoginPath":"/user/login","LogoutPath":"/user/logout","MiddlewareType":1,"MultiLogin":false,"Timeout":864000000,"TokenDelimiter":"_"}]start... 
2023-02-26 00:57:52.704 [INFO] {00796a83f21a4717e13a401cfbd8259e} [GToken][params:{"AuthExcludePaths":"","AuthFailMsg":"请求错误或登录超时","AuthPaths":"","CacheKey":"GToken:","CacheMode":2,"EncryptKey":"12345678912345678912345678912345","LoginPath":"/user/login","LogoutPath":"/user/logout","MiddlewareType":1,"MultiLogin":false,"Timeout":864000000,"TokenDelimiter":"_"}]start... 
2023-02-26 00:57:56.503 [INFO] {00796a83f21a4717e13a401cfbd8259e} [GToken][params:{"AuthExcludePaths":"","AuthFailMsg":"请求错误或登录超时","AuthPaths":"","CacheKey":"GToken:","CacheMode":2,"EncryptKey":"12345678912345678912345678912345","LoginPath":"/user/login","LogoutPath":"/user/logout","MiddlewareType":1,"MultiLogin":false,"Timeout":864000000,"TokenDelimiter":"_"}]start... 
2023-02-26 01:04:20.319 [INFO] {00796a83f21a4717e13a401cfbd8259e} [GToken][params:{"AuthExcludePaths":"","AuthFailMsg":"请求错误或登录超时","AuthPaths":"","CacheKey":"GToken:","CacheMode":2,"EncryptKey":"12345678912345678912345678912345","LoginPath":"/user/login","LogoutPath":"/user/logout","MiddlewareType":1,"MultiLogin":false,"Timeout":864000000,"TokenDelimiter":"_"}]start... 
2023-02-26 11:52:56.323 [INFO] {00796a83f21a4717e13a401cfbd8259e} [GToken][params:{"AuthExcludePaths":"","AuthFailMsg":"请求错误或登录超时","AuthPaths":"","CacheKey":"GToken:","CacheMode":2,"EncryptKey":"12345678912345678912345678912345","LoginPath":"/user/login","LogoutPath":"/user/logout","MiddlewareType":1,"MultiLogin":false,"Timeout":864000000,"TokenDelimiter":"_"}]start... 
2023-02-26 17:53:59.904 [INFO] {00796a83f21a4717e13a401cfbd8259e} [GToken][params:{"AuthExcludePaths":"","AuthFailMsg":"请求错误或登录超时","AuthPaths":"","CacheKey":"GToken:","CacheMode":2,"EncryptKey":"12345678912345678912345678912345","LoginPath":"/user/login","LogoutPath":"/user/logout","MiddlewareType":1,"MultiLogin":false,"Timeout":864000000,"TokenDelimiter":"_"}]start... 
2023-02-26 17:54:15.824 [INFO] {00796a83f21a4717e13a401cfbd8259e} [GToken][params:{"AuthExcludePaths":"","AuthFailMsg":"请求错误或登录超时","AuthPaths":"","CacheKey":"GToken:","CacheMode":2,"EncryptKey":"12345678912345678912345678912345","LoginPath":"/user/login","LogoutPath":"/user/logout","MiddlewareType":1,"MultiLogin":false,"Timeout":864000000,"TokenDelimiter":"_"}]start... 
2023-02-26 17:55:00.420 [INFO] {00796a83f21a4717e13a401cfbd8259e} [GToken][params:{"AuthExcludePaths":"","AuthFailMsg":"请求错误或登录超时","AuthPaths":"","CacheKey":"GToken:","CacheMode":2,"EncryptKey":"12345678912345678912345678912345","LoginPath":"/user/login","LogoutPath":"/user/logout","MiddlewareType":1,"MultiLogin":false,"Timeout":864000000,"TokenDelimiter":"_"}]start... 
2023-02-26 17:55:04.282 [INFO] {00796a83f21a4717e13a401cfbd8259e} [GToken][params:{"AuthExcludePaths":"","AuthFailMsg":"请求错误或登录超时","AuthPaths":"","CacheKey":"GToken:","CacheMode":2,"EncryptKey":"12345678912345678912345678912345","LoginPath":"/user/login","LogoutPath":"/user/logout","MiddlewareType":1,"MultiLogin":false,"Timeout":864000000,"TokenDelimiter":"_"}]start... 
2023-02-26 17:55:10.123 [INFO] {00796a83f21a4717e13a401cfbd8259e} [GToken][params:{"AuthExcludePaths":"","AuthFailMsg":"请求错误或登录超时","AuthPaths":"","CacheKey":"GToken:","CacheMode":2,"EncryptKey":"12345678912345678912345678912345","LoginPath":"/user/login","LogoutPath":"/user/logout","MiddlewareType":1,"MultiLogin":false,"Timeout":864000000,"TokenDelimiter":"_"}]start... 
2023-02-26 17:56:54.040 [INFO] {00796a83f21a4717e13a401cfbd8259e} [GToken][params:{"AuthExcludePaths":"","AuthFailMsg":"请求错误或登录超时","AuthPaths":"","CacheKey":"GToken:","CacheMode":2,"EncryptKey":"12345678912345678912345678912345","LoginPath":"/user/login","LogoutPath":"/user/logout","MiddlewareType":1,"MultiLogin":false,"Timeout":864000000,"TokenDelimiter":"_"}]start... 
2023-02-26 17:57:23.440 [INFO] {00796a83f21a4717e13a401cfbd8259e} [GToken][params:{"AuthExcludePaths":"","AuthFailMsg":"请求错误或登录超时","AuthPaths":"","CacheKey":"GToken:","CacheMode":2,"EncryptKey":"12345678912345678912345678912345","LoginPath":"/user/login","LogoutPath":"/user/logout","MiddlewareType":1,"MultiLogin":false,"Timeout":864000000,"TokenDelimiter":"_"}]start... 
2023-02-26 17:57:48.623 [INFO] {00796a83f21a4717e13a401cfbd8259e} [GToken][params:{"AuthExcludePaths":"","AuthFailMsg":"请求错误或登录超时","AuthPaths":"","CacheKey":"GToken:","CacheMode":2,"EncryptKey":"12345678912345678912345678912345","LoginPath":"/user/login","LogoutPath":"/user/logout","MiddlewareType":1,"MultiLogin":false,"Timeout":864000000,"TokenDelimiter":"_"}]start... 
2023-02-26 17:59:08.875 [INFO] {00796a83f21a4717e13a401cfbd8259e} [GToken][params:{"AuthExcludePaths":"","AuthFailMsg":"请求错误或登录超时","AuthPaths":"","CacheKey":"GToken:","CacheMode":2,"EncryptKey":"12345678912345678912345678912345","LoginPath":"/user/login","LogoutPath":"/user/logout","MiddlewareType":1,"MultiLogin":false,"Timeout":864000000,"TokenDelimiter":"_"}]start... 
2023-02-26 17:59:18.034 [INFO] {00796a83f21a4717e13a401cfbd8259e} [GToken][params:{"AuthExcludePaths":"","AuthFailMsg":"请求错误或登录超时","AuthPaths":"","CacheKey":"GToken:","CacheMode":2,"EncryptKey":"12345678912345678912345678912345","LoginPath":"/user/login","LogoutPath":"/user/logout","MiddlewareType":1,"MultiLogin":false,"Timeout":864000000,"TokenDelimiter":"_"}]start... 
2023-02-26 17:59:49.658 [INFO] {00796a83f21a4717e13a401cfbd8259e} [GToken][params:{"AuthExcludePaths":"","AuthFailMsg":"请求错误或登录超时","AuthPaths":"","CacheKey":"GToken:","CacheMode":2,"EncryptKey":"12345678912345678912345678912345","LoginPath":"/user/login","LogoutPath":"/user/logout","MiddlewareType":1,"MultiLogin":false,"Timeout":864000000,"TokenDelimiter":"_"}]start... 
2023-02-26 18:02:53.376 [INFO] {00796a83f21a4717e13a401cfbd8259e} [GToken][params:{"AuthExcludePaths":"","AuthFailMsg":"请求错误或登录超时","AuthPaths":"","CacheKey":"GToken:","CacheMode":2,"EncryptKey":"12345678912345678912345678912345","LoginPath":"/user/login","LogoutPath":"/user/logout","MiddlewareType":1,"MultiLogin":false,"Timeout":864000000,"TokenDelimiter":"_"}]start... 
2023-02-26 18:03:24.701 [INFO] {00796a83f21a4717e13a401cfbd8259e} [GToken][params:{"AuthExcludePaths":"","AuthFailMsg":"请求错误或登录超时","AuthPaths":"","CacheKey":"GToken:","CacheMode":2,"EncryptKey":"12345678912345678912345678912345","LoginPath":"/user/login","LogoutPath":"/user/logout","MiddlewareType":1,"MultiLogin":false,"Timeout":864000000,"TokenDelimiter":"_"}]start... 
2023-02-26 18:03:46.214 [INFO] {00796a83f21a4717e13a401cfbd8259e} [GToken][params:{"AuthExcludePaths":"","AuthFailMsg":"请求错误或登录超时","AuthPaths":"","CacheKey":"GToken:","CacheMode":2,"EncryptKey":"12345678912345678912345678912345","LoginPath":"/user/login","LogoutPath":"/user/logout","MiddlewareType":1,"MultiLogin":false,"Timeout":864000000,"TokenDelimiter":"_"}]start... 
2023-02-26 18:04:26.763 [INFO] {00796a83f21a4717e13a401cfbd8259e} [GToken][params:{"AuthExcludePaths":"","AuthFailMsg":"请求错误或登录超时","AuthPaths":"","CacheKey":"GToken:","CacheMode":2,"EncryptKey":"12345678912345678912345678912345","LoginPath":"/user/login","LogoutPath":"/user/logout","MiddlewareType":1,"MultiLogin":false,"Timeout":864000000,"TokenDelimiter":"_"}]start... 
2023-02-26 18:04:43.961 [INFO] {00796a83f21a4717e13a401cfbd8259e} [GToken][params:{"AuthExcludePaths":"","AuthFailMsg":"请求错误或登录超时","AuthPaths":"","CacheKey":"GToken:","CacheMode":2,"EncryptKey":"12345678912345678912345678912345","LoginPath":"/user/login","LogoutPath":"/user/logout","MiddlewareType":1,"MultiLogin":false,"Timeout":864000000,"TokenDelimiter":"_"}]start... 
2023-02-26 18:04:53.851 [INFO] {00796a83f21a4717e13a401cfbd8259e} [GToken][params:{"AuthExcludePaths":"","AuthFailMsg":"请求错误或登录超时","AuthPaths":"","CacheKey":"GToken:","CacheMode":2,"EncryptKey":"12345678912345678912345678912345","LoginPath":"/user/login","LogoutPath":"/user/logout","MiddlewareType":1,"MultiLogin":false,"Timeout":864000000,"TokenDelimiter":"_"}]start... 
2023-02-26 18:06:32.090 [INFO] {00796a83f21a4717e13a401cfbd8259e} [GToken][params:{"AuthExcludePaths":"","AuthFailMsg":"请求错误或登录超时","AuthPaths":"","CacheKey":"GToken:","CacheMode":2,"EncryptKey":"12345678912345678912345678912345","LoginPath":"/user/login","LogoutPath":"/user/logout","MiddlewareType":1,"MultiLogin":false,"Timeout":864000000,"TokenDelimiter":"_"}]start... 
2023-02-26 18:06:51.428 [INFO] {00796a83f21a4717e13a401cfbd8259e} [GToken][params:{"AuthExcludePaths":"","AuthFailMsg":"请求错误或登录超时","AuthPaths":"","CacheKey":"GToken:","CacheMode":2,"EncryptKey":"12345678912345678912345678912345","LoginPath":"/user/login","LogoutPath":"/user/logout","MiddlewareType":1,"MultiLogin":false,"Timeout":864000000,"TokenDelimiter":"_"}]start... 
2023-02-26 18:07:00.052 [INFO] {00796a83f21a4717e13a401cfbd8259e} [GToken][params:{"AuthExcludePaths":"","AuthFailMsg":"请求错误或登录超时","AuthPaths":"","CacheKey":"GToken:","CacheMode":2,"EncryptKey":"12345678912345678912345678912345","LoginPath":"/user/login","LogoutPath":"/user/logout","MiddlewareType":1,"MultiLogin":false,"Timeout":864000000,"TokenDelimiter":"_"}]start... 
2023-02-26 18:07:21.542 [INFO] {00796a83f21a4717e13a401cfbd8259e} [GToken][params:{"AuthExcludePaths":"","AuthFailMsg":"请求错误或登录超时","AuthPaths":"","CacheKey":"GToken:","CacheMode":2,"EncryptKey":"12345678912345678912345678912345","LoginPath":"/user/login","LogoutPath":"/user/logout","MiddlewareType":1,"MultiLogin":false,"Timeout":864000000,"TokenDelimiter":"_"}]start... 
2023-02-26 18:07:31.613 [INFO] {00796a83f21a4717e13a401cfbd8259e} [GToken][params:{"AuthExcludePaths":"","AuthFailMsg":"请求错误或登录超时","AuthPaths":"","CacheKey":"GToken:","CacheMode":2,"EncryptKey":"12345678912345678912345678912345","LoginPath":"/user/login","LogoutPath":"/user/logout","MiddlewareType":1,"MultiLogin":false,"Timeout":864000000,"TokenDelimiter":"_"}]start... 
2023-02-26 18:08:01.785 [INFO] {00796a83f21a4717e13a401cfbd8259e} [GToken][params:{"AuthExcludePaths":"","AuthFailMsg":"请求错误或登录超时","AuthPaths":"","CacheKey":"GToken:","CacheMode":2,"EncryptKey":"12345678912345678912345678912345","LoginPath":"/user/login","LogoutPath":"/user/logout","MiddlewareType":1,"MultiLogin":false,"Timeout":864000000,"TokenDelimiter":"_"}]start... 
2023-02-26 18:09:31.164 [INFO] {00796a83f21a4717e13a401cfbd8259e} [GToken][params:{"AuthExcludePaths":"","AuthFailMsg":"请求错误或登录超时","AuthPaths":"","CacheKey":"GToken:","CacheMode":2,"EncryptKey":"12345678912345678912345678912345","LoginPath":"/user/login","LogoutPath":"/user/logout","MiddlewareType":1,"MultiLogin":false,"Timeout":864000000,"TokenDelimiter":"_"}]start... 
2023-02-26 18:09:41.598 [INFO] {00796a83f21a4717e13a401cfbd8259e} [GToken][params:{"AuthExcludePaths":"","AuthFailMsg":"请求错误或登录超时","AuthPaths":"","CacheKey":"GToken:","CacheMode":2,"EncryptKey":"12345678912345678912345678912345","LoginPath":"/user/login","LogoutPath":"/user/logout","MiddlewareType":1,"MultiLogin":false,"Timeout":864000000,"TokenDelimiter":"_"}]start... 
2023-02-26 18:11:12.875 [INFO] {00796a83f21a4717e13a401cfbd8259e} [GToken][params:{"AuthExcludePaths":"","AuthFailMsg":"请求错误或登录超时","AuthPaths":"","CacheKey":"GToken:","CacheMode":2,"EncryptKey":"12345678912345678912345678912345","LoginPath":"/user/login","LogoutPath":"/user/logout","MiddlewareType":1,"MultiLogin":false,"Timeout":864000000,"TokenDelimiter":"_"}]start... 
2023-02-26 18:11:25.283 [INFO] {00796a83f21a4717e13a401cfbd8259e} [GToken][params:{"AuthExcludePaths":"","AuthFailMsg":"请求错误或登录超时","AuthPaths":"","CacheKey":"GToken:","CacheMode":2,"EncryptKey":"12345678912345678912345678912345","LoginPath":"/user/login","LogoutPath":"/user/logout","MiddlewareType":1,"MultiLogin":false,"Timeout":864000000,"TokenDelimiter":"_"}]start... 
2023-02-26 18:11:39.027 [INFO] {00796a83f21a4717e13a401cfbd8259e} [GToken][params:{"AuthExcludePaths":"","AuthFailMsg":"请求错误或登录超时","AuthPaths":"","CacheKey":"GToken:","CacheMode":2,"EncryptKey":"12345678912345678912345678912345","LoginPath":"/user/login","LogoutPath":"/user/logout","MiddlewareType":1,"MultiLogin":false,"Timeout":864000000,"TokenDelimiter":"_"}]start... 
2023-02-26 18:12:55.471 [INFO] {00796a83f21a4717e13a401cfbd8259e} [GToken][params:{"AuthExcludePaths":"","AuthFailMsg":"请求错误或登录超时","AuthPaths":"","CacheKey":"GToken:","CacheMode":2,"EncryptKey":"12345678912345678912345678912345","LoginPath":"/user/login","LogoutPath":"/user/logout","MiddlewareType":1,"MultiLogin":false,"Timeout":864000000,"TokenDelimiter":"_"}]start... 
2023-02-26 18:14:23.644 [INFO] {00796a83f21a4717e13a401cfbd8259e} [GToken][params:{"AuthExcludePaths":"","AuthFailMsg":"请求错误或登录超时","AuthPaths":"","CacheKey":"GToken:","CacheMode":2,"EncryptKey":"12345678912345678912345678912345","LoginPath":"/user/login","LogoutPath":"/user/logout","MiddlewareType":1,"MultiLogin":false,"Timeout":864000000,"TokenDelimiter":"_"}]start... 
2023-02-26 18:15:46.577 [INFO] {00796a83f21a4717e13a401cfbd8259e} [GToken][params:{"AuthExcludePaths":"","AuthFailMsg":"请求错误或登录超时","AuthPaths":"","CacheKey":"GToken:","CacheMode":2,"EncryptKey":"12345678912345678912345678912345","LoginPath":"/user/login","LogoutPath":"/user/logout","MiddlewareType":1,"MultiLogin":false,"Timeout":864000000,"TokenDelimiter":"_"}]start... 
2023-02-26 18:16:14.239 [INFO] {00796a83f21a4717e13a401cfbd8259e} [GToken][params:{"AuthExcludePaths":"","AuthFailMsg":"请求错误或登录超时","AuthPaths":"","CacheKey":"GToken:","CacheMode":2,"EncryptKey":"12345678912345678912345678912345","LoginPath":"/user/login","LogoutPath":"/user/logout","MiddlewareType":1,"MultiLogin":false,"Timeout":864000000,"TokenDelimiter":"_"}]start... 
2023-02-26 18:18:56.731 [INFO] {00796a83f21a4717e13a401cfbd8259e} [GToken][params:{"AuthExcludePaths":"","AuthFailMsg":"请求错误或登录超时","AuthPaths":"","CacheKey":"GToken:","CacheMode":2,"EncryptKey":"12345678912345678912345678912345","LoginPath":"/user/login","LogoutPath":"/user/logout","MiddlewareType":1,"MultiLogin":false,"Timeout":864000000,"TokenDelimiter":"_"}]start... 
2023-02-26 18:19:42.969 [INFO] {00796a83f21a4717e13a401cfbd8259e} [GToken][params:{"AuthExcludePaths":"","AuthFailMsg":"请求错误或登录超时","AuthPaths":"","CacheKey":"GToken:","CacheMode":2,"EncryptKey":"12345678912345678912345678912345","LoginPath":"/user/login","LogoutPath":"/user/logout","MiddlewareType":1,"MultiLogin":false,"Timeout":864000000,"TokenDelimiter":"_"}]start... 
2023-02-26 18:20:28.685 [INFO] {00796a83f21a4717e13a401cfbd8259e} [GToken][params:{"AuthExcludePaths":"","AuthFailMsg":"请求错误或登录超时","AuthPaths":"","CacheKey":"GToken:","CacheMode":2,"EncryptKey":"12345678912345678912345678912345","LoginPath":"/user/login","LogoutPath":"/user/logout","MiddlewareType":1,"MultiLogin":false,"Timeout":864000000,"TokenDelimiter":"_"}]start... 
2023-02-26 18:21:32.983 [INFO] {00796a83f21a4717e13a401cfbd8259e} [GToken][params:{"AuthExcludePaths":"","AuthFailMsg":"请求错误或登录超时","AuthPaths":"","CacheKey":"GToken:","CacheMode":2,"EncryptKey":"12345678912345678912345678912345","LoginPath":"/user/login","LogoutPath":"/user/logout","MiddlewareType":1,"MultiLogin":false,"Timeout":864000000,"TokenDelimiter":"_"}]start... 
2023-02-26 18:22:15.040 [INFO] {00796a83f21a4717e13a401cfbd8259e} [GToken][params:{"AuthExcludePaths":"","AuthFailMsg":"请求错误或登录超时","AuthPaths":"","CacheKey":"GToken:","CacheMode":2,"EncryptKey":"12345678912345678912345678912345","LoginPath":"/user/login","LogoutPath":"/user/logout","MiddlewareType":1,"MultiLogin":false,"Timeout":864000000,"TokenDelimiter":"_"}]start... 
2023-02-26 18:24:03.199 [INFO] {00796a83f21a4717e13a401cfbd8259e} [GToken][params:{"AuthExcludePaths":"","AuthFailMsg":"请求错误或登录超时","AuthPaths":"","CacheKey":"GToken:","CacheMode":2,"EncryptKey":"12345678912345678912345678912345","LoginPath":"/user/login","LogoutPath":"/user/logout","MiddlewareType":1,"MultiLogin":false,"Timeout":864000000,"TokenDelimiter":"_"}]start... 
2023-02-26 18:24:04.971 [INFO] {00796a83f21a4717e13a401cfbd8259e} [GToken][params:{"AuthExcludePaths":"","AuthFailMsg":"请求错误或登录超时","AuthPaths":"","CacheKey":"GToken:","CacheMode":2,"EncryptKey":"12345678912345678912345678912345","LoginPath":"/user/login","LogoutPath":"/user/logout","MiddlewareType":1,"MultiLogin":false,"Timeout":864000000,"TokenDelimiter":"_"}]start... 
2023-02-26 18:24:22.826 [INFO] {00796a83f21a4717e13a401cfbd8259e} [GToken][params:{"AuthExcludePaths":"","AuthFailMsg":"请求错误或登录超时","AuthPaths":"","CacheKey":"GToken:","CacheMode":2,"EncryptKey":"12345678912345678912345678912345","LoginPath":"/user/login","LogoutPath":"/user/logout","MiddlewareType":1,"MultiLogin":false,"Timeout":864000000,"TokenDelimiter":"_"}]start... 
2023-02-26 18:24:26.848 [INFO] {00796a83f21a4717e13a401cfbd8259e} [GToken][params:{"AuthExcludePaths":"","AuthFailMsg":"请求错误或登录超时","AuthPaths":"","CacheKey":"GToken:","CacheMode":2,"EncryptKey":"12345678912345678912345678912345","LoginPath":"/user/login","LogoutPath":"/user/logout","MiddlewareType":1,"MultiLogin":false,"Timeout":864000000,"TokenDelimiter":"_"}]start... 
2023-02-26 18:24:28.567 [INFO] {00796a83f21a4717e13a401cfbd8259e} [GToken][params:{"AuthExcludePaths":"","AuthFailMsg":"请求错误或登录超时","AuthPaths":"","CacheKey":"GToken:","CacheMode":2,"EncryptKey":"12345678912345678912345678912345","LoginPath":"/user/login","LogoutPath":"/user/logout","MiddlewareType":1,"MultiLogin":false,"Timeout":864000000,"TokenDelimiter":"_"}]start... 
2023-02-26 18:25:09.214 [INFO] {00796a83f21a4717e13a401cfbd8259e} [GToken][params:{"AuthExcludePaths":"","AuthFailMsg":"请求错误或登录超时","AuthPaths":"","CacheKey":"GToken:","CacheMode":2,"EncryptKey":"12345678912345678912345678912345","LoginPath":"/user/login","LogoutPath":"/user/logout","MiddlewareType":1,"MultiLogin":false,"Timeout":864000000,"TokenDelimiter":"_"}]start... 
2023-02-26 18:40:20.089 [INFO] {00796a83f21a4717e13a401cfbd8259e} [GToken][params:{"AuthExcludePaths":"","AuthFailMsg":"请求错误或登录超时","AuthPaths":"","CacheKey":"GToken:","CacheMode":2,"EncryptKey":"12345678912345678912345678912345","LoginPath":"/user/login","LogoutPath":"/user/logout","MiddlewareType":1,"MultiLogin":false,"Timeout":864000000,"TokenDelimiter":"_"}]start... 
2023-02-26 19:19:20.382 [INFO] {00796a83f21a4717e13a401cfbd8259e} [GToken][params:{"AuthExcludePaths":"","AuthFailMsg":"请求错误或登录超时","AuthPaths":"","CacheKey":"GToken:","CacheMode":2,"EncryptKey":"12345678912345678912345678912345","LoginPath":"/user/login","LogoutPath":"/user/logout","MiddlewareType":1,"MultiLogin":false,"Timeout":864000000,"TokenDelimiter":"_"}]start... 
2023-02-26 19:44:48.686 [INFO] {00796a83f21a4717e13a401cfbd8259e} [GToken][params:{"AuthExcludePaths":"","AuthFailMsg":"请求错误或登录超时","AuthPaths":"","CacheKey":"GToken:","CacheMode":2,"EncryptKey":"12345678912345678912345678912345","LoginPath":"/user/login","LogoutPath":"/user/logout","MiddlewareType":1,"MultiLogin":false,"Timeout":864000000,"TokenDelimiter":"_"}]start... 
2023-02-26 19:45:14.189 [INFO] {e0601cf83e5d47174ddc1c0c51cbb5b1} [GToken][params:{"AuthExcludePaths":"","AuthFailMsg":"请求错误或登录超时","AuthPaths":"","CacheKey":"GToken:","CacheMode":2,"EncryptKey":"12345678912345678912345678912345","LoginPath":"/user/login","LogoutPath":"/user/logout","MiddlewareType":1,"MultiLogin":false,"Timeout":864000000,"TokenDelimiter":"_"}]start... 
